{"name": "test_verify_integration_bridge_all_icons", "status": "broken", "statusDetails": {"message": "selenium.common.exceptions.StaleElementReferenceException: Message: stale element reference: stale element not found in the current frame\n  (Session info: chrome=127.0.6533.72); For documentation on this error, please visit: https://www.selenium.dev/documentation/webdriver/troubleshooting/errors#stale-element-reference-exception\nStacktrace:\n\tGetHandleVerifier [0x00007FF6D1E49632+30946]\n\t(No symbol) [0x00007FF6D1DFE3C9]\n\t(No symbol) [0x00007FF6D1CF6FDA]\n\t(No symbol) [0x00007FF6D1CFDA57]\n\t(No symbol) [0x00007FF6D1CFFD31]\n\t(No symbol) [0x00007FF6D1CFFDD0]\n\t(No symbol) [0x00007FF6D1D4FDD9]\n\t(No symbol) [0x00007FF6D1D4D962]\n\t(No symbol) [0x00007FF6D1D4AE7B]\n\t(No symbol) [0x00007FF6D1D4A095]\n\t(No symbol) [0x00007FF6D1D3C271]\n\t(No symbol) [0x00007FF6D1D6CA6A]\n\t(No symbol) [0x00007FF6D1D3BBB6]\n\t(No symbol) [0x00007FF6D1D6CC80]\n\t(No symbol) [0x00007FF6D1D8B041]\n\t(No symbol) [0x00007FF6D1D6C813]\n\t(No symbol) [0x00007FF6D1D3A6E5]\n\t(No symbol) [0x00007FF6D1D3B021]\n\tGetHandleVerifier [0x00007FF6D1F7F83D+1301229]\n\tGetHandleVerifier [0x00007FF6D1F8BDB7+1351783]\n\tGetHandleVerifier [0x00007FF6D1F82A03+1313971]\n\tGetHandleVerifier [0x00007FF6D1E7DD06+245686]\n\t(No symbol) [0x00007FF6D1E0758F]\n\t(No symbol) [0x00007FF6D1E03804]\n\t(No symbol) [0x00007FF6D1E03992]\n\t(No symbol) [0x00007FF6D1DFA3EF]\n\tBaseThreadInitThunk [0x00007FF92FBC257D+29]\n\tRtlUserThreadStart [0x00007FF930BAAF28+40]", "trace": "self = <test.test_integration.TestManagement object at 0x0000027D39DCB650>\n\n    def test_verify_integration_bridge_all_icons(self):\n        # Enter valid credentials\n        self.driver.find_element(By.ID, \"login_username\").send_keys(\"depenad165@luravel.com\")\n        self.driver.find_element(By.ID, \"login_password\").send_keys(\"Raunak@8390\")\n    \n        # Select remember me checkbox\n        self.driver.find_element(By.ID, \"login_checkbox-input\").click()\n    \n        # Submit login form\n        self.driver.find_element(By.ID, \"login_submit\").click()\n    \n        # Click on eZintegration icon\n        wait = WebDriverWait(self.driver, 10)\n        integration_icon = wait.until(\n            expected_conditions.element_to_be_clickable((By.ID, \"dashboard_ib_list\")))\n        self.driver.execute_script(\"arguments[0].click();\", integration_icon)\n    \n        # Verify start button\n        start_button = wait.until(expected_conditions.element_to_be_clickable((By.ID, \"ib_list_start_service\")))\n        self.driver.execute_script(\"arguments[0].click();\", start_button)\n        start_button_message = wait.until(expected_conditions.visibility_of_element_located(\n            (By.XPATH, \"//div[@class='alert-message sc-ion-alert-md']\")))\n        assert start_button_message.is_displayed(), \"Start button message is not displayed after starting the service\"\n        self.driver.find_element(By.XPATH, \"//span[@class='alert-button-inner sc-ion-alert-md']\").click()\n    \n        # Verify stop button\n        stop_button = wait.until(expected_conditions.element_to_be_clickable((By.ID, \"ib_list_stop_service\")))\n        self.driver.execute_script(\"arguments[0].click();\", stop_button)\n        stop_button_message = wait.until(expected_conditions.visibility_of_element_located(\n            (By.XPATH, \"//div[@class='alert-message sc-ion-alert-md']\")))\n        assert stop_button_message.is_displayed(), \"Stop button message is not displayed after stopped the service\"\n>       self.driver.find_element(By.XPATH, \"//span[@class='alert-button-inner sc-ion-alert-md']\").click()\n\ntest\\test_integration.py:41: \n_ _ _ _ _ _ _ _ _ _ _ _ _ _ _ _ _ _ _ _ _ _ _ _ _ _ _ _ _ _ _ _ _ _ _ _ _ _ _ _ _ _ _ _ _ _ _ _ _ _ _ _ _ _ _ _ _ _ _ _ _ _ _ _ _ _ _ _ _ _ _ _ _ _ _ _ _ _ _ _ _ _ _ _ _ _ _ _ \n..\\..\\AppData\\Roaming\\Python\\Python312\\site-packages\\selenium\\webdriver\\remote\\webelement.py:94: in click\n    self._execute(Command.CLICK_ELEMENT)\n..\\..\\AppData\\Roaming\\Python\\Python312\\site-packages\\selenium\\webdriver\\remote\\webelement.py:395: in _execute\n    return self._parent.execute(command, params)\n..\\..\\AppData\\Roaming\\Python\\Python312\\site-packages\\selenium\\webdriver\\remote\\webdriver.py:354: in execute\n    self.error_handler.check_response(response)\n_ _ _ _ _ _ _ _ _ _ _ _ _ _ _ _ _ _ _ _ _ _ _ _ _ _ _ _ _ _ _ _ _ _ _ _ _ _ _ _ _ _ _ _ _ _ _ _ _ _ _ _ _ _ _ _ _ _ _ _ _ _ _ _ _ _ _ _ _ _ _ _ _ _ _ _ _ _ _ _ _ _ _ _ _ _ _ _ \n\nself = <selenium.webdriver.remote.errorhandler.ErrorHandler object at 0x0000027D39E63E90>\nresponse = {'status': 404, 'value': '{\"value\":{\"error\":\"stale element reference\",\"message\":\"stale element reference: stale elemen...07FF6D1DFA3EF]\\\\n\\\\tBaseThreadInitThunk [0x00007FF92FBC257D+29]\\\\n\\\\tRtlUserThreadStart [0x00007FF930BAAF28+40]\\\\n\"}}'}\n\n    def check_response(self, response: Dict[str, Any]) -> None:\n        \"\"\"Checks that a JSON response from the WebDriver does not have an\n        error.\n    \n        :Args:\n         - response - The JSON response from the WebDriver server as a dictionary\n           object.\n    \n        :Raises: If the response contains an error message.\n        \"\"\"\n        status = response.get(\"status\", None)\n        if not status or status == ErrorCode.SUCCESS:\n            return\n        value = None\n        message = response.get(\"message\", \"\")\n        screen: str = response.get(\"screen\", \"\")\n        stacktrace = None\n        if isinstance(status, int):\n            value_json = response.get(\"value\", None)\n            if value_json and isinstance(value_json, str):\n                import json\n    \n                try:\n                    value = json.loads(value_json)\n                    if len(value) == 1:\n                        value = value[\"value\"]\n                    status = value.get(\"error\", None)\n                    if not status:\n                        status = value.get(\"status\", ErrorCode.UNKNOWN_ERROR)\n                        message = value.get(\"value\") or value.get(\"message\")\n                        if not isinstance(message, str):\n                            value = message\n                            message = message.get(\"message\")\n                    else:\n                        message = value.get(\"message\", None)\n                except ValueError:\n                    pass\n    \n        exception_class: Type[WebDriverException]\n        e = ErrorCode()\n        error_codes = [item for item in dir(e) if not item.startswith(\"__\")]\n        for error_code in error_codes:\n            error_info = getattr(ErrorCode, error_code)\n            if isinstance(error_info, list) and status in error_info:\n                exception_class = getattr(ExceptionMapping, error_code, WebDriverException)\n                break\n        else:\n            exception_class = WebDriverException\n    \n        if not value:\n            value = response[\"value\"]\n        if isinstance(value, str):\n            raise exception_class(value)\n        if message == \"\" and \"message\" in value:\n            message = value[\"message\"]\n    \n        screen = None  # type: ignore[assignment]\n        if \"screen\" in value:\n            screen = value[\"screen\"]\n    \n        stacktrace = None\n        st_value = value.get(\"stackTrace\") or value.get(\"stacktrace\")\n        if st_value:\n            if isinstance(st_value, str):\n                stacktrace = st_value.split(\"\\n\")\n            else:\n                stacktrace = []\n                try:\n                    for frame in st_value:\n                        line = frame.get(\"lineNumber\", \"\")\n                        file = frame.get(\"fileName\", \"<anonymous>\")\n                        if line:\n                            file = f\"{file}:{line}\"\n                        meth = frame.get(\"methodName\", \"<anonymous>\")\n                        if \"className\" in frame:\n                            meth = f\"{frame['className']}.{meth}\"\n                        msg = \"    at %s (%s)\"\n                        msg = msg % (meth, file)\n                        stacktrace.append(msg)\n                except TypeError:\n                    pass\n        if exception_class == UnexpectedAlertPresentException:\n            alert_text = None\n            if \"data\" in value:\n                alert_text = value[\"data\"].get(\"text\")\n            elif \"alert\" in value:\n                alert_text = value[\"alert\"].get(\"text\")\n            raise exception_class(message, screen, stacktrace, alert_text)  # type: ignore[call-arg]  # mypy is not smart enough here\n>       raise exception_class(message, screen, stacktrace)\nE       selenium.common.exceptions.StaleElementReferenceException: Message: stale element reference: stale element not found in the current frame\nE         (Session info: chrome=127.0.6533.72); For documentation on this error, please visit: https://www.selenium.dev/documentation/webdriver/troubleshooting/errors#stale-element-reference-exception\nE       Stacktrace:\nE       \tGetHandleVerifier [0x00007FF6D1E49632+30946]\nE       \t(No symbol) [0x00007FF6D1DFE3C9]\nE       \t(No symbol) [0x00007FF6D1CF6FDA]\nE       \t(No symbol) [0x00007FF6D1CFDA57]\nE       \t(No symbol) [0x00007FF6D1CFFD31]\nE       \t(No symbol) [0x00007FF6D1CFFDD0]\nE       \t(No symbol) [0x00007FF6D1D4FDD9]\nE       \t(No symbol) [0x00007FF6D1D4D962]\nE       \t(No symbol) [0x00007FF6D1D4AE7B]\nE       \t(No symbol) [0x00007FF6D1D4A095]\nE       \t(No symbol) [0x00007FF6D1D3C271]\nE       \t(No symbol) [0x00007FF6D1D6CA6A]\nE       \t(No symbol) [0x00007FF6D1D3BBB6]\nE       \t(No symbol) [0x00007FF6D1D6CC80]\nE       \t(No symbol) [0x00007FF6D1D8B041]\nE       \t(No symbol) [0x00007FF6D1D6C813]\nE       \t(No symbol) [0x00007FF6D1D3A6E5]\nE       \t(No symbol) [0x00007FF6D1D3B021]\nE       \tGetHandleVerifier [0x00007FF6D1F7F83D+1301229]\nE       \tGetHandleVerifier [0x00007FF6D1F8BDB7+1351783]\nE       \tGetHandleVerifier [0x00007FF6D1F82A03+1313971]\nE       \tGetHandleVerifier [0x00007FF6D1E7DD06+245686]\nE       \t(No symbol) [0x00007FF6D1E0758F]\nE       \t(No symbol) [0x00007FF6D1E03804]\nE       \t(No symbol) [0x00007FF6D1E03992]\nE       \t(No symbol) [0x00007FF6D1DFA3EF]\nE       \tBaseThreadInitThunk [0x00007FF92FBC257D+29]\nE       \tRtlUserThreadStart [0x00007FF930BAAF28+40]\n\n..\\..\\AppData\\Roaming\\Python\\Python312\\site-packages\\selenium\\webdriver\\remote\\errorhandler.py:229: StaleElementReferenceException"}, "start": 1722048462835, "stop": 1722048468708, "uuid": "d5776a6b-b2a4-4e20-993a-9c6e5237ac4a", "historyId": "3d2476fc9acdd37030cf9bbf5da61e0f", "testCaseId": "3d2476fc9acdd37030cf9bbf5da61e0f", "fullName": "test.test_integration.TestManagement#test_verify_integration_bridge_all_icons", "labels": [{"name": "tag", "value": "@pytest.mark.usefixtures('setup_and_teardown', 'log_on_failure')"}, {"name": "parentSuite", "value": "test"}, {"name": "suite", "value": "test_integration"}, {"name": "subSuite", "value": "TestManagement"}, {"name": "host", "value": "Raunak"}, {"name": "thread", "value": "2884-MainThread"}, {"name": "framework", "value": "pytest"}, {"name": "language", "value": "cpython3"}, {"name": "package", "value": "test.test_integration"}]}