{"name": "test_verify_create_user_with_mandatory_field", "status": "broken", "statusDetails": {"message": "selenium.common.exceptions.ElementNotInteractableException: Message: element not interactable\n  (Session info: chrome=126.0.6478.128)\nStacktrace:\n\tGetHandleVerifier [0x00007FF60850EEB2+31554]\n\t(No symbol) [0x00007FF608487EE9]\n\t(No symbol) [0x00007FF608348559]\n\t(No symbol) [0x00007FF608391D73]\n\t(No symbol) [0x00007FF60838FEDB]\n\t(No symbol) [0x00007FF6083BD02A]\n\t(No symbol) [0x00007FF60838BA76]\n\t(No symbol) [0x00007FF6083BD240]\n\t(No symbol) [0x00007FF6083DC977]\n\t(No symbol) [0x00007FF6083BCDD3]\n\t(No symbol) [0x00007FF60838A33B]\n\t(No symbol) [0x00007FF60838AED1]\n\tGetHandleVerifier [0x00007FF608818B2D+3217341]\n\tGetHandleVerifier [0x00007FF608865AF3+3532675]\n\tGetHandleVerifier [0x00007FF60885B0F0+3489152]\n\tGetHandleVerifier [0x00007FF6085BE786+750614]\n\t(No symbol) [0x00007FF60849376F]\n\t(No symbol) [0x00007FF60848EB24]\n\t(No symbol) [0x00007FF60848ECB2]\n\t(No symbol) [0x00007FF60847E17F]\n\tBaseThreadInitThunk [0x00007FF9F59E257D+29]\n\tRtlUserThreadStart [0x00007FF9F67CAF28+40]", "trace": "self = <test.test_UserManagement.TestManagement object at 0x000002EB97089BE0>\n\n    def test_verify_create_user_with_mandatory_field(self):\n        # Enter valid credentials\n        self.driver.find_element(By.ID, \"login_username\").send_keys(\"depenad165@luravel.com\")\n        self.driver.find_element(By.ID, \"login_password\").send_keys(\"Raunak@8390\")\n    \n        # Select remember me checkbox\n        self.driver.find_element(By.ID, \"login_checkbox-input\").click()\n    \n        # Submit login form\n        self.driver.find_element(By.ID, \"login_submit\").click()\n    \n        # Wait for the element to be clickable\n        menu_button = WebDriverWait(self.driver, 10).until(\n            expected_conditions.element_to_be_clickable((By.XPATH, \"//ion-menu-button[@id='head_ham_btn']\")))\n        self.driver.execute_script(\"arguments[0].click();\", menu_button)\n    \n        # Click on management\n        management_button = WebDriverWait(self.driver, 10).until(\n            expected_conditions.element_to_be_clickable((By.XPATH, \"//ion-label[normalize-space()='Management']\"))\n        )\n        self.driver.execute_script(\"arguments[0].click();\", management_button)\n    \n        # Click on user option\n        user_button = WebDriverWait(self.driver, 10).until(\n            expected_conditions.element_to_be_clickable((By.XPATH, \"//ion-label[normalize-space()='User']\"))\n        )\n        self.driver.execute_script(\"arguments[0].scrollIntoView(true);\", user_button)\n        self.driver.execute_script(\"arguments[0].click();\", user_button)\n    \n        # Perform a right-click if the menu does not close\n        # WebDriverWait.driverWait(self.driver,10).until(expected_conditions.invisibility_of_element_located(user_button))\n        ActionChains(self.driver).move_by_offset(20, 10).context_click().perform()\n    \n        add_button = WebDriverWait(self.driver, 10).until(\n            expected_conditions.element_to_be_clickable((By.XPATH, \"//span[normalize-space()='Add']\")))\n        self.driver.execute_script(\"arguments[0].click();\", add_button)\n    \n        # Fill up add user form\n        # First name\n>       self.driver.find_element(By.XPATH, \"//input[@placeholder='First name']\").send_keys(\"Create\")\n\ntest\\test_UserManagement.py:51: \n_ _ _ _ _ _ _ _ _ _ _ _ _ _ _ _ _ _ _ _ _ _ _ _ _ _ _ _ _ _ _ _ _ _ _ _ _ _ _ _ _ _ _ _ _ _ _ _ _ _ _ _ _ _ _ _ _ _ _ _ _ _ _ _ _ _ _ _ _ _ _ _ _ _\n..\\..\\AppData\\Roaming\\Python\\Python312\\site-packages\\selenium\\webdriver\\remote\\webelement.py:231: in send_keys\n    self._execute(\n..\\..\\AppData\\Roaming\\Python\\Python312\\site-packages\\selenium\\webdriver\\remote\\webelement.py:395: in _execute\n    return self._parent.execute(command, params)\n..\\..\\AppData\\Roaming\\Python\\Python312\\site-packages\\selenium\\webdriver\\remote\\webdriver.py:354: in execute\n    self.error_handler.check_response(response)\n_ _ _ _ _ _ _ _ _ _ _ _ _ _ _ _ _ _ _ _ _ _ _ _ _ _ _ _ _ _ _ _ _ _ _ _ _ _ _ _ _ _ _ _ _ _ _ _ _ _ _ _ _ _ _ _ _ _ _ _ _ _ _ _ _ _ _ _ _ _ _ _ _ _\n\nself = <selenium.webdriver.remote.errorhandler.ErrorHandler object at 0x000002EB9708AED0>\nresponse = {'status': 400, 'value': '{\"value\":{\"error\":\"element not interactable\",\"message\":\"element not interactable\\\\n  (Sessio...07FF60847E17F]\\\\n\\\\tBaseThreadInitThunk [0x00007FF9F59E257D+29]\\\\n\\\\tRtlUserThreadStart [0x00007FF9F67CAF28+40]\\\\n\"}}'}\n\n    def check_response(self, response: Dict[str, Any]) -> None:\n        \"\"\"Checks that a JSON response from the WebDriver does not have an\n        error.\n    \n        :Args:\n         - response - The JSON response from the WebDriver server as a dictionary\n           object.\n    \n        :Raises: If the response contains an error message.\n        \"\"\"\n        status = response.get(\"status\", None)\n        if not status or status == ErrorCode.SUCCESS:\n            return\n        value = None\n        message = response.get(\"message\", \"\")\n        screen: str = response.get(\"screen\", \"\")\n        stacktrace = None\n        if isinstance(status, int):\n            value_json = response.get(\"value\", None)\n            if value_json and isinstance(value_json, str):\n                import json\n    \n                try:\n                    value = json.loads(value_json)\n                    if len(value) == 1:\n                        value = value[\"value\"]\n                    status = value.get(\"error\", None)\n                    if not status:\n                        status = value.get(\"status\", ErrorCode.UNKNOWN_ERROR)\n                        message = value.get(\"value\") or value.get(\"message\")\n                        if not isinstance(message, str):\n                            value = message\n                            message = message.get(\"message\")\n                    else:\n                        message = value.get(\"message\", None)\n                except ValueError:\n                    pass\n    \n        exception_class: Type[WebDriverException]\n        e = ErrorCode()\n        error_codes = [item for item in dir(e) if not item.startswith(\"__\")]\n        for error_code in error_codes:\n            error_info = getattr(ErrorCode, error_code)\n            if isinstance(error_info, list) and status in error_info:\n                exception_class = getattr(ExceptionMapping, error_code, WebDriverException)\n                break\n        else:\n            exception_class = WebDriverException\n    \n        if not value:\n            value = response[\"value\"]\n        if isinstance(value, str):\n            raise exception_class(value)\n        if message == \"\" and \"message\" in value:\n            message = value[\"message\"]\n    \n        screen = None  # type: ignore[assignment]\n        if \"screen\" in value:\n            screen = value[\"screen\"]\n    \n        stacktrace = None\n        st_value = value.get(\"stackTrace\") or value.get(\"stacktrace\")\n        if st_value:\n            if isinstance(st_value, str):\n                stacktrace = st_value.split(\"\\n\")\n            else:\n                stacktrace = []\n                try:\n                    for frame in st_value:\n                        line = frame.get(\"lineNumber\", \"\")\n                        file = frame.get(\"fileName\", \"<anonymous>\")\n                        if line:\n                            file = f\"{file}:{line}\"\n                        meth = frame.get(\"methodName\", \"<anonymous>\")\n                        if \"className\" in frame:\n                            meth = f\"{frame['className']}.{meth}\"\n                        msg = \"    at %s (%s)\"\n                        msg = msg % (meth, file)\n                        stacktrace.append(msg)\n                except TypeError:\n                    pass\n        if exception_class == UnexpectedAlertPresentException:\n            alert_text = None\n            if \"data\" in value:\n                alert_text = value[\"data\"].get(\"text\")\n            elif \"alert\" in value:\n                alert_text = value[\"alert\"].get(\"text\")\n            raise exception_class(message, screen, stacktrace, alert_text)  # type: ignore[call-arg]  # mypy is not smart enough here\n>       raise exception_class(message, screen, stacktrace)\nE       selenium.common.exceptions.ElementNotInteractableException: Message: element not interactable\nE         (Session info: chrome=126.0.6478.128)\nE       Stacktrace:\nE       \tGetHandleVerifier [0x00007FF60850EEB2+31554]\nE       \t(No symbol) [0x00007FF608487EE9]\nE       \t(No symbol) [0x00007FF608348559]\nE       \t(No symbol) [0x00007FF608391D73]\nE       \t(No symbol) [0x00007FF60838FEDB]\nE       \t(No symbol) [0x00007FF6083BD02A]\nE       \t(No symbol) [0x00007FF60838BA76]\nE       \t(No symbol) [0x00007FF6083BD240]\nE       \t(No symbol) [0x00007FF6083DC977]\nE       \t(No symbol) [0x00007FF6083BCDD3]\nE       \t(No symbol) [0x00007FF60838A33B]\nE       \t(No symbol) [0x00007FF60838AED1]\nE       \tGetHandleVerifier [0x00007FF608818B2D+3217341]\nE       \tGetHandleVerifier [0x00007FF608865AF3+3532675]\nE       \tGetHandleVerifier [0x00007FF60885B0F0+3489152]\nE       \tGetHandleVerifier [0x00007FF6085BE786+750614]\nE       \t(No symbol) [0x00007FF60849376F]\nE       \t(No symbol) [0x00007FF60848EB24]\nE       \t(No symbol) [0x00007FF60848ECB2]\nE       \t(No symbol) [0x00007FF60847E17F]\nE       \tBaseThreadInitThunk [0x00007FF9F59E257D+29]\nE       \tRtlUserThreadStart [0x00007FF9F67CAF28+40]\n\n..\\..\\AppData\\Roaming\\Python\\Python312\\site-packages\\selenium\\webdriver\\remote\\errorhandler.py:229: ElementNotInteractableException"}, "start": 1721883049817, "stop": 1721883052257, "uuid": "99683552-b291-4d4d-8086-9104f31e94a3", "historyId": "c14eedb4e7dd6406b397e4a7886ced83", "testCaseId": "c14eedb4e7dd6406b397e4a7886ced83", "fullName": "test.test_UserManagement.TestManagement#test_verify_create_user_with_mandatory_field", "labels": [{"name": "tag", "value": "@pytest.mark.usefixtures('setup_and_teardown', 'log_on_failure')"}, {"name": "parentSuite", "value": "test"}, {"name": "suite", "value": "test_UserManagement"}, {"name": "subSuite", "value": "TestManagement"}, {"name": "host", "value": "DESKTOP-9A3ESFK"}, {"name": "thread", "value": "12184-MainThread"}, {"name": "framework", "value": "pytest"}, {"name": "language", "value": "cpython3"}, {"name": "package", "value": "test.test_UserManagement"}]}